Using pre-set license

 COMMAND LINE ARGUMENTS:
/Applications/Unity/Hub/Editor/2021.1.7f1/Unity.app/Contents/MacOS/Unity
-adb2
-batchMode
-noUpm
-name
AssetImportWorker0
-projectPath
/Users/illiakorobov/Documents/projects/game
-logFile
Logs/AssetImportWorker0.log
-srvPort
58652
Successfully changed project path to: /Users/illiakorobov/Documents/projects/game
/Users/illiakorobov/Documents/projects/game
Using Asset Import Pipeline V2.
Refreshing native plugins compatible for Editor in 56.80 ms, found 2 plugins.
Preloading 0 native plugins for Editor in 0.00 ms.
Initialize engine version: 2021.1.7f1 (d91830b65d9b)
[Subsystems] Discovering subsystems at path /Applications/Unity/Hub/Editor/2021.1.7f1/Unity.app/Contents/Resources/UnitySubsystems
[Subsystems] Discovering subsystems at path /Users/illiakorobov/Documents/projects/game/Assets
GfxDevice: creating device client; threaded=0; jobified=0
2023-01-23 16:24:26.027 Unity[47139:19715769] (null) preferred device: Apple M1 (high power)
2023-01-23 16:24:26.027 Unity[47139:19715769] Metal devices available: 1
2023-01-23 16:24:26.027 Unity[47139:19715769] 0: Apple M1 (high power)
2023-01-23 16:24:26.027 Unity[47139:19715769] Using device Apple M1 (high power)
Initializing Metal device caps: Apple M1
Shader 'Universal Render Pipeline/Particles/Lit': fallback shader 'Universal Render Pipeline/Particles/SimpleLit' not found
Initialize mono
Mono path[0] = '/Applications/Unity/Hub/Editor/2021.1.7f1/Unity.app/Contents/Managed'
Mono path[1] = '/Applications/Unity/Hub/Editor/2021.1.7f1/Unity.app/Contents/MonoBleedingEdge/lib/mono/unityjit'
Mono config path = '/Applications/Unity/Hub/Editor/2021.1.7f1/Unity.app/Contents/MonoBleedingEdge/etc'
Using monoOptions --debugger-agent=transport=dt_socket,embedding=1,server=y,suspend=n,address=127.0.0.1:56139
Begin MonoManager ReloadAssembly
Registering precompiled unity dll's ...
Register platform support module: /Applications/Unity/Hub/Editor/2021.1.7f1/PlaybackEngines/WebGLSupport/UnityEditor.WebGL.Extensions.dll
Register platform support module: /Applications/Unity/Hub/Editor/2021.1.7f1/Unity.app/Contents/PlaybackEngines/MacStandaloneSupport/UnityEditor.OSXStandalone.Extensions.dll
Register platform support module: /Applications/Unity/Hub/Editor/2021.1.7f1/PlaybackEngines/WindowsStandaloneSupport/UnityEditor.WindowsStandalone.Extensions.dll
Registered in 0.002693 seconds.
Native extension for WindowsStandalone target not found
Native extension for OSXStandalone target not found
Native extension for WebGL target not found
Refreshing native plugins compatible for Editor in 54.60 ms, found 2 plugins.
Preloading 0 native plugins for Editor in 0.00 ms.
Mono: successfully reloaded assembly
- Completed reload, in  2.302 seconds
Platform modules already initialized, skipping
Registering precompiled user dll's ...
Registered in 0.000649 seconds.
Begin MonoManager ReloadAssembly
Native extension for WindowsStandalone target not found
Native extension for OSXStandalone target not found
Native extension for WebGL target not found
Refreshing native plugins compatible for Editor in 55.50 ms, found 2 plugins.
Preloading 0 native plugins for Editor in 0.00 ms.
Mono: successfully reloaded assembly
- Completed reload, in  1.917 seconds
Platform modules already initialized, skipping
========================================================================
Worker process is ready to serve import requests
Shader 'Universal Render Pipeline/Particles/Lit': fallback shader 'Universal Render Pipeline/Particles/SimpleLit' not found
Launching external process: /Applications/Unity/Hub/Editor/2021.1.7f1/Unity.app/Contents/Tools/UnityShaderCompiler
Launched and connected shader compiler UnityShaderCompiler after 0.08 seconds
Refreshing native plugins compatible for Editor in 0.50 ms, found 2 plugins.
Preloading 0 native plugins for Editor in 0.00 ms.
Unloading 2657 Unused Serialized files (Serialized files now loaded: 0)
System memory in use before: 121.7 MB.
System memory in use after: 121.8 MB.

Unloading 23 unused Assets to reduce memory usage. Loaded Objects now: 3115.
Total: 1.939291 ms (FindLiveObjects: 0.153875 ms CreateObjectMapping: 0.058875 ms MarkObjects: 1.621292 ms  DeleteObjects: 0.104084 ms)

========================================================================
Received Import Request.
  path: Assets/Scripts/DelayAnimator.cs
  artifactKey: Guid(ced70923267054d698716b484be5602a) Importer(815301076,1909f56bfc062723c751e8b465ee728b)
Start importing Assets/Scripts/DelayAnimator.cs using Guid(ced70923267054d698716b484be5602a) Importer(815301076,1909f56bfc062723c751e8b465ee728b)  -> (artifact id: '22d4f166ca80dd61e022b4a1f2241d45') in 0.085320 seconds 
========================================================================
Received Import Request.
  Time since last request: 111.578351 seconds.
  path: Assets/PlayerMovement.cs
  artifactKey: Guid(81bcf92d031e04c9b8efc94c871ec50e) Importer(815301076,1909f56bfc062723c751e8b465ee728b)
Start importing Assets/PlayerMovement.cs using Guid(81bcf92d031e04c9b8efc94c871ec50e) Importer(815301076,1909f56bfc062723c751e8b465ee728b)  -> (artifact id: '8ac21f07d3e89c2e9b2242f77dc84bb3') in 0.002308 seconds 
========================================================================
Received Prepare
Registering precompiled user dll's ...
Registered in 0.001537 seconds.
Begin MonoManager ReloadAssembly
Native extension for WindowsStandalone target not found
Native extension for OSXStandalone target not found
Native extension for WebGL target not found
Refreshing native plugins compatible for Editor in 0.51 ms, found 2 plugins.
Preloading 0 native plugins for Editor in 0.00 ms.
Mono: successfully reloaded assembly
- Completed reload, in  1.784 seconds
Platform modules already initialized, skipping
Shader 'Universal Render Pipeline/Particles/Lit': fallback shader 'Universal Render Pipeline/Particles/SimpleLit' not found
Refreshing native plugins compatible for Editor in 0.55 ms, found 2 plugins.
Preloading 0 native plugins for Editor in 0.00 ms.
Unloading 2595 Unused Serialized files (Serialized files now loaded: 0)
System memory in use before: 195.1 MB.
System memory in use after: 195.3 MB.

Unloading 12 unused Assets to reduce memory usage. Loaded Objects now: 3119.
Total: 2.070625 ms (FindLiveObjects: 0.144917 ms CreateObjectMapping: 0.060667 ms MarkObjects: 1.779916 ms  DeleteObjects: 0.083750 ms)

========================================================================
Received Import Request.
  Time since last request: 26.007650 seconds.
  path: Assets/Scripts/PlayerMovement.unity
  artifactKey: Guid(0669fdddd12e44e49afc5f7498ef848a) Importer(815301076,1909f56bfc062723c751e8b465ee728b)
Start importing Assets/Scripts/PlayerMovement.unity using Guid(0669fdddd12e44e49afc5f7498ef848a) Importer(815301076,1909f56bfc062723c751e8b465ee728b)  -> (artifact id: 'abf109c4a899f748cca0598fc0bc7649') in 0.016901 seconds 
========================================================================
Received Import Request.
  Time since last request: 1.590647 seconds.
  path: Assets/Scripts/SawRotate.cs
  artifactKey: Guid(aae0c9e6960df4678adedb1669b17317) Importer(815301076,1909f56bfc062723c751e8b465ee728b)
Start importing Assets/Scripts/SawRotate.cs using Guid(aae0c9e6960df4678adedb1669b17317) Importer(815301076,1909f56bfc062723c751e8b465ee728b)  -> (artifact id: 'e458e4c512ca1c6fab11cdd0bcad89fd') in 0.001404 seconds 
========================================================================
Received Import Request.
  Time since last request: 4562.865726 seconds.
  path: Assets/Scripts/Delay.cs
  artifactKey: Guid(15c54413beba04059bd094edacd7aeaa) Importer(815301076,1909f56bfc062723c751e8b465ee728b)
Start importing Assets/Scripts/Delay.cs using Guid(15c54413beba04059bd094edacd7aeaa) Importer(815301076,1909f56bfc062723c751e8b465ee728b)  -> (artifact id: '10aa0b29bac263389587a21f155c8d5f') in 0.009334 seconds 
========================================================================
Received Prepare
Registering precompiled user dll's ...
Registered in 0.001398 seconds.
Begin MonoManager ReloadAssembly
Native extension for WindowsStandalone target not found
Native extension for OSXStandalone target not found
Native extension for WebGL target not found
Refreshing native plugins compatible for Editor in 0.53 ms, found 2 plugins.
Preloading 0 native plugins for Editor in 0.00 ms.
Mono: successfully reloaded assembly
- Completed reload, in  1.851 seconds
Platform modules already initialized, skipping
Shader 'Universal Render Pipeline/Particles/Lit': fallback shader 'Universal Render Pipeline/Particles/SimpleLit' not found
Refreshing native plugins compatible for Editor in 0.47 ms, found 2 plugins.
Preloading 0 native plugins for Editor in 0.00 ms.
Unloading 2596 Unused Serialized files (Serialized files now loaded: 0)
System memory in use before: 195.6 MB.
System memory in use after: 195.7 MB.

Unloading 12 unused Assets to reduce memory usage. Loaded Objects now: 3124.
Total: 2.829750 ms (FindLiveObjects: 0.124750 ms CreateObjectMapping: 0.053042 ms MarkObjects: 2.426042 ms  DeleteObjects: 0.225000 ms)

========================================================================
Received Import Request.
  Time since last request: 47.212595 seconds.
  path: Assets/Scripts/Delay.cs
  artifactKey: Guid(15c54413beba04059bd094edacd7aeaa) Importer(815301076,1909f56bfc062723c751e8b465ee728b)
Start importing Assets/Scripts/Delay.cs using Guid(15c54413beba04059bd094edacd7aeaa) Importer(815301076,1909f56bfc062723c751e8b465ee728b)  -> (artifact id: 'e6ce9b8abad44099d267ba41d5087641') in 0.050312 seconds 
========================================================================
Received Prepare
Registering precompiled user dll's ...
Registered in 0.001696 seconds.
Begin MonoManager ReloadAssembly
Native extension for WindowsStandalone target not found
Native extension for OSXStandalone target not found
Native extension for WebGL target not found
Refreshing native plugins compatible for Editor in 0.54 ms, found 2 plugins.
Preloading 0 native plugins for Editor in 0.00 ms.
Mono: successfully reloaded assembly
- Completed reload, in  1.979 seconds
Platform modules already initialized, skipping
Shader 'Universal Render Pipeline/Particles/Lit': fallback shader 'Universal Render Pipeline/Particles/SimpleLit' not found
Refreshing native plugins compatible for Editor in 0.47 ms, found 2 plugins.
Preloading 0 native plugins for Editor in 0.00 ms.
Unloading 2596 Unused Serialized files (Serialized files now loaded: 0)
System memory in use before: 195.9 MB.
System memory in use after: 196.0 MB.

Unloading 12 unused Assets to reduce memory usage. Loaded Objects now: 3128.
Total: 1.836875 ms (FindLiveObjects: 0.133958 ms CreateObjectMapping: 0.060500 ms MarkObjects: 1.559708 ms  DeleteObjects: 0.081500 ms)

========================================================================
Received Prepare
Registering precompiled user dll's ...
Registered in 0.001801 seconds.
Begin MonoManager ReloadAssembly
Native extension for WindowsStandalone target not found
Native extension for OSXStandalone target not found
Native extension for WebGL target not found
Refreshing native plugins compatible for Editor in 0.51 ms, found 2 plugins.
Preloading 0 native plugins for Editor in 0.00 ms.
Mono: successfully reloaded assembly
- Completed reload, in  1.745 seconds
Platform modules already initialized, skipping
Shader 'Universal Render Pipeline/Particles/Lit': fallback shader 'Universal Render Pipeline/Particles/SimpleLit' not found
Refreshing native plugins compatible for Editor in 0.51 ms, found 2 plugins.
Preloading 0 native plugins for Editor in 0.00 ms.
Unloading 2595 Unused Serialized files (Serialized files now loaded: 0)
System memory in use before: 196.2 MB.
System memory in use after: 196.3 MB.

Unloading 13 unused Assets to reduce memory usage. Loaded Objects now: 3131.
Total: 1.827542 ms (FindLiveObjects: 0.121875 ms CreateObjectMapping: 0.054375 ms MarkObjects: 1.546542 ms  DeleteObjects: 0.103792 ms)

========================================================================
Received Import Request.
  Time since last request: 76.349216 seconds.
  path: Assets/Scripts/DelayAnimations.cs
  artifactKey: Guid(15c54413beba04059bd094edacd7aeaa) Importer(815301076,1909f56bfc062723c751e8b465ee728b)
Start importing Assets/Scripts/DelayAnimations.cs using Guid(15c54413beba04059bd094edacd7aeaa) Importer(815301076,1909f56bfc062723c751e8b465ee728b)  -> (artifact id: '7b38c91fa5ef3a260168abb3286d5934') in 0.012511 seconds 
========================================================================
Received Prepare
Registering precompiled user dll's ...
Registered in 0.000969 seconds.
Begin MonoManager ReloadAssembly
Native extension for WindowsStandalone target not found
Native extension for OSXStandalone target not found
Native extension for WebGL target not found
Refreshing native plugins compatible for Editor in 0.50 ms, found 2 plugins.
Preloading 0 native plugins for Editor in 0.00 ms.
Mono: successfully reloaded assembly
- Completed reload, in  1.791 seconds
Platform modules already initialized, skipping
Shader 'Universal Render Pipeline/Particles/Lit': fallback shader 'Universal Render Pipeline/Particles/SimpleLit' not found
Refreshing native plugins compatible for Editor in 0.51 ms, found 2 plugins.
Preloading 0 native plugins for Editor in 0.00 ms.
Unloading 2595 Unused Serialized files (Serialized files now loaded: 0)
System memory in use before: 196.5 MB.
System memory in use after: 196.6 MB.

Unloading 12 unused Assets to reduce memory usage. Loaded Objects now: 3135.
Total: 1.909709 ms (FindLiveObjects: 0.138333 ms CreateObjectMapping: 0.060625 ms MarkObjects: 1.628250 ms  DeleteObjects: 0.081375 ms)

========================================================================
Received Prepare
Registering precompiled user dll's ...
Registered in 0.003083 seconds.
Begin MonoManager ReloadAssembly
Native extension for WindowsStandalone target not found
Native extension for OSXStandalone target not found
Native extension for WebGL target not found
Refreshing native plugins compatible for Editor in 0.51 ms, found 2 plugins.
Preloading 0 native plugins for Editor in 0.00 ms.
Mono: successfully reloaded assembly
- Completed reload, in  1.819 seconds
Platform modules already initialized, skipping
Shader 'Universal Render Pipeline/Particles/Lit': fallback shader 'Universal Render Pipeline/Particles/SimpleLit' not found
Refreshing native plugins compatible for Editor in 0.47 ms, found 2 plugins.
Preloading 0 native plugins for Editor in 0.00 ms.
Unloading 2594 Unused Serialized files (Serialized files now loaded: 0)
System memory in use before: 196.8 MB.
System memory in use after: 196.9 MB.

Unloading 13 unused Assets to reduce memory usage. Loaded Objects now: 3138.
Total: 1.848500 ms (FindLiveObjects: 0.123792 ms CreateObjectMapping: 0.051583 ms MarkObjects: 1.581791 ms  DeleteObjects: 0.090292 ms)

========================================================================
Received Import Request.
  Time since last request: 49.737026 seconds.
  path: Assets/Scripts/DelayAnimation.cs
  artifactKey: Guid(ca59a39d1510e42d1a33e20799f27118) Importer(815301076,1909f56bfc062723c751e8b465ee728b)
Start importing Assets/Scripts/DelayAnimation.cs using Guid(ca59a39d1510e42d1a33e20799f27118) Importer(815301076,1909f56bfc062723c751e8b465ee728b)  -> (artifact id: '872c50d90af666498f7cb94a059db5b2') in 0.009402 seconds 
========================================================================
Received Prepare
Registering precompiled user dll's ...
Registered in 0.001737 seconds.
Begin MonoManager ReloadAssembly
Native extension for WindowsStandalone target not found
Native extension for OSXStandalone target not found
Native extension for WebGL target not found
Refreshing native plugins compatible for Editor in 0.51 ms, found 2 plugins.
Preloading 0 native plugins for Editor in 0.00 ms.
Mono: successfully reloaded assembly
- Completed reload, in  1.754 seconds
Platform modules already initialized, skipping
Shader 'Universal Render Pipeline/Particles/Lit': fallback shader 'Universal Render Pipeline/Particles/SimpleLit' not found
Refreshing native plugins compatible for Editor in 0.49 ms, found 2 plugins.
Preloading 0 native plugins for Editor in 0.00 ms.
Unloading 2595 Unused Serialized files (Serialized files now loaded: 0)
System memory in use before: 197.1 MB.
System memory in use after: 197.2 MB.

Unloading 12 unused Assets to reduce memory usage. Loaded Objects now: 3143.
Total: 1.956541 ms (FindLiveObjects: 0.148208 ms CreateObjectMapping: 0.060500 ms MarkObjects: 1.666916 ms  DeleteObjects: 0.079792 ms)

========================================================================
Received Import Request.
  Time since last request: 25.235972 seconds.
  path: Assets/Scripts/DelayAnimation.cs
  artifactKey: Guid(ca59a39d1510e42d1a33e20799f27118) Importer(815301076,1909f56bfc062723c751e8b465ee728b)
Start importing Assets/Scripts/DelayAnimation.cs using Guid(ca59a39d1510e42d1a33e20799f27118) Importer(815301076,1909f56bfc062723c751e8b465ee728b)  -> (artifact id: '9914e1dcf0e37a6a2068d219c0bf8130') in 0.025989 seconds 
========================================================================
Received Prepare
Registering precompiled user dll's ...
Registered in 0.000827 seconds.
Begin MonoManager ReloadAssembly
Native extension for WindowsStandalone target not found
Native extension for OSXStandalone target not found
Native extension for WebGL target not found
Refreshing native plugins compatible for Editor in 0.50 ms, found 2 plugins.
Preloading 0 native plugins for Editor in 0.00 ms.
Mono: successfully reloaded assembly
- Completed reload, in  1.773 seconds
Platform modules already initialized, skipping
Shader 'Universal Render Pipeline/Particles/Lit': fallback shader 'Universal Render Pipeline/Particles/SimpleLit' not found
Refreshing native plugins compatible for Editor in 0.53 ms, found 2 plugins.
Preloading 0 native plugins for Editor in 0.00 ms.
Unloading 2595 Unused Serialized files (Serialized files now loaded: 0)
System memory in use before: 197.4 MB.
System memory in use after: 197.5 MB.

Unloading 12 unused Assets to reduce memory usage. Loaded Objects now: 3147.
Total: 1.817875 ms (FindLiveObjects: 0.134083 ms CreateObjectMapping: 0.057083 ms MarkObjects: 1.542583 ms  DeleteObjects: 0.082791 ms)

========================================================================
Received Import Request.
  Time since last request: 215.986336 seconds.
  path: Assets/Animation/LaserAnimation.anim
  artifactKey: Guid(c03cb93710ffa4246948a3d8f7ee22cc) Importer(815301076,1909f56bfc062723c751e8b465ee728b)
Start importing Assets/Animation/LaserAnimation.anim using Guid(c03cb93710ffa4246948a3d8f7ee22cc) Importer(815301076,1909f56bfc062723c751e8b465ee728b)  -> (artifact id: '517eb18648269af5e737a4ac5edb27e7') in 0.158186 seconds 
========================================================================
Received Import Request.
  Time since last request: 15.975143 seconds.
  path: Assets/Animation/press.controller
  artifactKey: Guid(9a1108b96dab7490390e462cf8d9cf50) Importer(815301076,1909f56bfc062723c751e8b465ee728b)
Start importing Assets/Animation/press.controller using Guid(9a1108b96dab7490390e462cf8d9cf50) Importer(815301076,1909f56bfc062723c751e8b465ee728b)  -> (artifact id: '4173d49f7fe043ce67225718f677764f') in 0.085415 seconds 
========================================================================
Received Import Request.
  Time since last request: 68.100659 seconds.
  path: Assets/Animation/laser.controller
  artifactKey: Guid(38f6bb8d87a7a4891862e167f47d6575) Importer(815301076,1909f56bfc062723c751e8b465ee728b)
Start importing Assets/Animation/laser.controller using Guid(38f6bb8d87a7a4891862e167f47d6575) Importer(815301076,1909f56bfc062723c751e8b465ee728b)  -> (artifact id: '5eb79fa5b254ecafd18ed30bd5d08456') in 0.007009 seconds 
========================================================================
Received Import Request.
  Time since last request: 71.110537 seconds.
  path: Assets/Animation/LaserAnimation.anim
  artifactKey: Guid(c03cb93710ffa4246948a3d8f7ee22cc) Importer(815301076,1909f56bfc062723c751e8b465ee728b)
Start importing Assets/Animation/LaserAnimation.anim using Guid(c03cb93710ffa4246948a3d8f7ee22cc) Importer(815301076,1909f56bfc062723c751e8b465ee728b)  -> (artifact id: 'e03bc52f4a43c406fe91b2f60b726497') in 0.004811 seconds 
========================================================================
Received Import Request.
  Time since last request: 58.326378 seconds.
  path: Assets/Animation/laser.controller
  artifactKey: Guid(38f6bb8d87a7a4891862e167f47d6575) Importer(815301076,1909f56bfc062723c751e8b465ee728b)
Start importing Assets/Animation/laser.controller using Guid(38f6bb8d87a7a4891862e167f47d6575) Importer(815301076,1909f56bfc062723c751e8b465ee728b)  -> (artifact id: '5c4444ee19810858bc85f0727f642410') in 0.005945 seconds 
========================================================================
Received Import Request.
  Time since last request: 132.285367 seconds.
  path: Assets/Animation/lasers.controller
  artifactKey: Guid(41dc96fb158234ab390a89c49a2af355) Importer(815301076,1909f56bfc062723c751e8b465ee728b)
Start importing Assets/Animation/lasers.controller using Guid(41dc96fb158234ab390a89c49a2af355) Importer(815301076,1909f56bfc062723c751e8b465ee728b)  -> (artifact id: '5a3e599bd88f37fa115ad8b155fa1c0d') in 0.009932 seconds 
========================================================================
Received Prepare
Registering precompiled user dll's ...
Registered in 0.002934 seconds.
Begin MonoManager ReloadAssembly
Native extension for WindowsStandalone target not found
Native extension for OSXStandalone target not found
Native extension for WebGL target not found
Refreshing native plugins compatible for Editor in 0.46 ms, found 2 plugins.
Preloading 0 native plugins for Editor in 0.00 ms.
Mono: successfully reloaded assembly
- Completed reload, in  1.736 seconds
Platform modules already initialized, skipping
Shader 'Universal Render Pipeline/Particles/Lit': fallback shader 'Universal Render Pipeline/Particles/SimpleLit' not found
Refreshing native plugins compatible for Editor in 0.48 ms, found 2 plugins.
Preloading 0 native plugins for Editor in 0.00 ms.
Unloading 2595 Unused Serialized files (Serialized files now loaded: 0)
System memory in use before: 355.6 MB.
System memory in use after: 355.8 MB.

Unloading 12 unused Assets to reduce memory usage. Loaded Objects now: 3151.
Total: 1.903125 ms (FindLiveObjects: 0.144500 ms CreateObjectMapping: 0.057167 ms MarkObjects: 1.613583 ms  DeleteObjects: 0.086667 ms)

========================================================================
Received Prepare
Registering precompiled user dll's ...
Registered in 0.001537 seconds.
Begin MonoManager ReloadAssembly
Native extension for WindowsStandalone target not found
Native extension for OSXStandalone target not found
Native extension for WebGL target not found
Refreshing native plugins compatible for Editor in 0.50 ms, found 2 plugins.
Preloading 0 native plugins for Editor in 0.00 ms.
Mono: successfully reloaded assembly
- Completed reload, in  1.689 seconds
Platform modules already initialized, skipping
Shader 'Universal Render Pipeline/Particles/Lit': fallback shader 'Universal Render Pipeline/Particles/SimpleLit' not found
Refreshing native plugins compatible for Editor in 0.47 ms, found 2 plugins.
Preloading 0 native plugins for Editor in 0.00 ms.
Unloading 2595 Unused Serialized files (Serialized files now loaded: 0)
System memory in use before: 355.9 MB.
System memory in use after: 356.1 MB.

Unloading 12 unused Assets to reduce memory usage. Loaded Objects now: 3155.
Total: 1.869708 ms (FindLiveObjects: 0.143083 ms CreateObjectMapping: 0.056250 ms MarkObjects: 1.589709 ms  DeleteObjects: 0.079500 ms)

========================================================================
Received Prepare
Registering precompiled user dll's ...
Registered in 0.002430 seconds.
Begin MonoManager ReloadAssembly
Native extension for WindowsStandalone target not found
Native extension for OSXStandalone target not found
Native extension for WebGL target not found
Refreshing native plugins compatible for Editor in 0.49 ms, found 2 plugins.
Preloading 0 native plugins for Editor in 0.00 ms.
Mono: successfully reloaded assembly
- Completed reload, in  1.683 seconds
Platform modules already initialized, skipping
Shader 'Universal Render Pipeline/Particles/Lit': fallback shader 'Universal Render Pipeline/Particles/SimpleLit' not found
Refreshing native plugins compatible for Editor in 0.50 ms, found 2 plugins.
Preloading 0 native plugins for Editor in 0.00 ms.
Unloading 2595 Unused Serialized files (Serialized files now loaded: 0)
System memory in use before: 356.2 MB.
System memory in use after: 356.4 MB.

Unloading 12 unused Assets to reduce memory usage. Loaded Objects now: 3159.
Total: 1.794708 ms (FindLiveObjects: 0.129000 ms CreateObjectMapping: 0.059042 ms MarkObjects: 1.523834 ms  DeleteObjects: 0.081541 ms)

========================================================================
Received Prepare
Registering precompiled user dll's ...
Registered in 0.003254 seconds.
Begin MonoManager ReloadAssembly
Native extension for WindowsStandalone target not found
Native extension for OSXStandalone target not found
Native extension for WebGL target not found
Refreshing native plugins compatible for Editor in 0.45 ms, found 2 plugins.
Preloading 0 native plugins for Editor in 0.00 ms.
Mono: successfully reloaded assembly
- Completed reload, in  1.749 seconds
Platform modules already initialized, skipping
Shader 'Universal Render Pipeline/Particles/Lit': fallback shader 'Universal Render Pipeline/Particles/SimpleLit' not found
Refreshing native plugins compatible for Editor in 0.49 ms, found 2 plugins.
Preloading 0 native plugins for Editor in 0.00 ms.
Unloading 2595 Unused Serialized files (Serialized files now loaded: 0)
System memory in use before: 356.5 MB.
System memory in use after: 356.7 MB.

Unloading 12 unused Assets to reduce memory usage. Loaded Objects now: 3163.
Total: 1.952042 ms (FindLiveObjects: 0.153458 ms CreateObjectMapping: 0.058833 ms MarkObjects: 1.645416 ms  DeleteObjects: 0.093250 ms)

========================================================================
Received Prepare
Registering precompiled user dll's ...
Registered in 0.002265 seconds.
Begin MonoManager ReloadAssembly
Native extension for WindowsStandalone target not found
Native extension for OSXStandalone target not found
Native extension for WebGL target not found
Refreshing native plugins compatible for Editor in 0.50 ms, found 2 plugins.
Preloading 0 native plugins for Editor in 0.00 ms.
Mono: successfully reloaded assembly
- Completed reload, in  1.652 seconds
Platform modules already initialized, skipping
Shader 'Universal Render Pipeline/Particles/Lit': fallback shader 'Universal Render Pipeline/Particles/SimpleLit' not found
Refreshing native plugins compatible for Editor in 0.48 ms, found 2 plugins.
Preloading 0 native plugins for Editor in 0.00 ms.
Unloading 2595 Unused Serialized files (Serialized files now loaded: 0)
System memory in use before: 356.8 MB.
System memory in use after: 357.0 MB.

Unloading 12 unused Assets to reduce memory usage. Loaded Objects now: 3167.
Total: 1.884417 ms (FindLiveObjects: 0.137875 ms CreateObjectMapping: 0.059125 ms MarkObjects: 1.591292 ms  DeleteObjects: 0.094709 ms)

========================================================================
Received Prepare
Registering precompiled user dll's ...
Registered in 0.001579 seconds.
Begin MonoManager ReloadAssembly
Native extension for WindowsStandalone target not found
Native extension for OSXStandalone target not found
Native extension for WebGL target not found
Refreshing native plugins compatible for Editor in 0.49 ms, found 2 plugins.
Preloading 0 native plugins for Editor in 0.00 ms.
Mono: successfully reloaded assembly
- Completed reload, in  1.677 seconds
Platform modules already initialized, skipping
Shader 'Universal Render Pipeline/Particles/Lit': fallback shader 'Universal Render Pipeline/Particles/SimpleLit' not found
Refreshing native plugins compatible for Editor in 0.49 ms, found 2 plugins.
Preloading 0 native plugins for Editor in 0.00 ms.
Unloading 2595 Unused Serialized files (Serialized files now loaded: 0)
System memory in use before: 357.1 MB.
System memory in use after: 357.3 MB.

Unloading 12 unused Assets to reduce memory usage. Loaded Objects now: 3171.
Total: 1.867083 ms (FindLiveObjects: 0.136500 ms CreateObjectMapping: 0.057500 ms MarkObjects: 1.581209 ms  DeleteObjects: 0.090500 ms)

========================================================================
Received Prepare
Registering precompiled user dll's ...
Registered in 0.001819 seconds.
Begin MonoManager ReloadAssembly
Native extension for WindowsStandalone target not found
Native extension for OSXStandalone target not found
Native extension for WebGL target not found
Refreshing native plugins compatible for Editor in 0.42 ms, found 2 plugins.
Preloading 0 native plugins for Editor in 0.00 ms.
Mono: successfully reloaded assembly
- Completed reload, in  1.679 seconds
Platform modules already initialized, skipping
Shader 'Universal Render Pipeline/Particles/Lit': fallback shader 'Universal Render Pipeline/Particles/SimpleLit' not found
Refreshing native plugins compatible for Editor in 0.49 ms, found 2 plugins.
Preloading 0 native plugins for Editor in 0.00 ms.
Unloading 2595 Unused Serialized files (Serialized files now loaded: 0)
System memory in use before: 357.4 MB.
System memory in use after: 357.6 MB.

Unloading 12 unused Assets to reduce memory usage. Loaded Objects now: 3175.
Total: 1.832959 ms (FindLiveObjects: 0.130584 ms CreateObjectMapping: 0.055500 ms MarkObjects: 1.552042 ms  DeleteObjects: 0.093625 ms)

========================================================================
Received Prepare
Registering precompiled user dll's ...
Registered in 0.001582 seconds.
Begin MonoManager ReloadAssembly
Native extension for WindowsStandalone target not found
Native extension for OSXStandalone target not found
Native extension for WebGL target not found
Refreshing native plugins compatible for Editor in 0.48 ms, found 2 plugins.
Preloading 0 native plugins for Editor in 0.00 ms.
Mono: successfully reloaded assembly
- Completed reload, in  1.735 seconds
Platform modules already initialized, skipping
Shader 'Universal Render Pipeline/Particles/Lit': fallback shader 'Universal Render Pipeline/Particles/SimpleLit' not found
Refreshing native plugins compatible for Editor in 0.49 ms, found 2 plugins.
Preloading 0 native plugins for Editor in 0.00 ms.
Unloading 2595 Unused Serialized files (Serialized files now loaded: 0)
System memory in use before: 357.7 MB.
System memory in use after: 357.9 MB.

Unloading 12 unused Assets to reduce memory usage. Loaded Objects now: 3179.
Total: 1.913000 ms (FindLiveObjects: 0.146334 ms CreateObjectMapping: 0.057958 ms MarkObjects: 1.604083 ms  DeleteObjects: 0.103541 ms)

========================================================================
Received Prepare
Registering precompiled user dll's ...
Registered in 0.003711 seconds.
Begin MonoManager ReloadAssembly
Native extension for WindowsStandalone target not found
Native extension for OSXStandalone target not found
Native extension for WebGL target not found
Refreshing native plugins compatible for Editor in 0.43 ms, found 2 plugins.
Preloading 0 native plugins for Editor in 0.00 ms.
Mono: successfully reloaded assembly
- Completed reload, in  1.734 seconds
Platform modules already initialized, skipping
Shader 'Universal Render Pipeline/Particles/Lit': fallback shader 'Universal Render Pipeline/Particles/SimpleLit' not found
Refreshing native plugins compatible for Editor in 0.51 ms, found 2 plugins.
Preloading 0 native plugins for Editor in 0.00 ms.
Unloading 2595 Unused Serialized files (Serialized files now loaded: 0)
System memory in use before: 358.0 MB.
System memory in use after: 358.2 MB.

Unloading 12 unused Assets to reduce memory usage. Loaded Objects now: 3183.
Total: 1.889542 ms (FindLiveObjects: 0.142583 ms CreateObjectMapping: 0.055500 ms MarkObjects: 1.583417 ms  DeleteObjects: 0.106916 ms)

========================================================================
Received Prepare
Registering precompiled user dll's ...
Registered in 0.002590 seconds.
Begin MonoManager ReloadAssembly
Native extension for WindowsStandalone target not found
Native extension for OSXStandalone target not found
Native extension for WebGL target not found
Refreshing native plugins compatible for Editor in 0.54 ms, found 2 plugins.
Preloading 0 native plugins for Editor in 0.00 ms.
Mono: successfully reloaded assembly
- Completed reload, in  1.841 seconds
Platform modules already initialized, skipping
Shader 'Universal Render Pipeline/Particles/Lit': fallback shader 'Universal Render Pipeline/Particles/SimpleLit' not found
Refreshing native plugins compatible for Editor in 0.49 ms, found 2 plugins.
Preloading 0 native plugins for Editor in 0.00 ms.
Unloading 2595 Unused Serialized files (Serialized files now loaded: 0)
System memory in use before: 358.3 MB.
System memory in use after: 358.5 MB.

Unloading 12 unused Assets to reduce memory usage. Loaded Objects now: 3187.
Total: 1.948208 ms (FindLiveObjects: 0.150375 ms CreateObjectMapping: 0.061667 ms MarkObjects: 1.640750 ms  DeleteObjects: 0.094208 ms)

========================================================================
Received Prepare
Registering precompiled user dll's ...
Registered in 0.002483 seconds.
Begin MonoManager ReloadAssembly
Native extension for WindowsStandalone target not found
Native extension for OSXStandalone target not found
Native extension for WebGL target not found
Refreshing native plugins compatible for Editor in 0.49 ms, found 2 plugins.
Preloading 0 native plugins for Editor in 0.00 ms.
Mono: successfully reloaded assembly
- Completed reload, in  1.892 seconds
Platform modules already initialized, skipping
Shader 'Universal Render Pipeline/Particles/Lit': fallback shader 'Universal Render Pipeline/Particles/SimpleLit' not found
Refreshing native plugins compatible for Editor in 0.51 ms, found 2 plugins.
Preloading 0 native plugins for Editor in 0.00 ms.
Unloading 2595 Unused Serialized files (Serialized files now loaded: 0)
System memory in use before: 358.6 MB.
System memory in use after: 358.8 MB.

Unloading 12 unused Assets to reduce memory usage. Loaded Objects now: 3191.
Total: 2.036917 ms (FindLiveObjects: 0.146833 ms CreateObjectMapping: 0.059834 ms MarkObjects: 1.729209 ms  DeleteObjects: 0.099917 ms)

========================================================================
Received Prepare
Registering precompiled user dll's ...
Registered in 0.002033 seconds.
Begin MonoManager ReloadAssembly
Native extension for WindowsStandalone target not found
Native extension for OSXStandalone target not found
Native extension for WebGL target not found
Refreshing native plugins compatible for Editor in 0.48 ms, found 2 plugins.
Preloading 0 native plugins for Editor in 0.00 ms.
Mono: successfully reloaded assembly
- Completed reload, in  1.701 seconds
Platform modules already initialized, skipping
Shader 'Universal Render Pipeline/Particles/Lit': fallback shader 'Universal Render Pipeline/Particles/SimpleLit' not found
Refreshing native plugins compatible for Editor in 0.48 ms, found 2 plugins.
Preloading 0 native plugins for Editor in 0.00 ms.
Unloading 2595 Unused Serialized files (Serialized files now loaded: 0)
System memory in use before: 358.9 MB.
System memory in use after: 359.1 MB.

Unloading 12 unused Assets to reduce memory usage. Loaded Objects now: 3195.
Total: 2.226083 ms (FindLiveObjects: 0.183042 ms CreateObjectMapping: 0.059959 ms MarkObjects: 1.856209 ms  DeleteObjects: 0.125500 ms)

========================================================================
Received Prepare
Registering precompiled user dll's ...
Registered in 0.002499 seconds.
Begin MonoManager ReloadAssembly
Native extension for WindowsStandalone target not found
Native extension for OSXStandalone target not found
Native extension for WebGL target not found
Refreshing native plugins compatible for Editor in 0.60 ms, found 2 plugins.
Preloading 0 native plugins for Editor in 0.00 ms.
Mono: successfully reloaded assembly
- Completed reload, in  1.713 seconds
Platform modules already initialized, skipping
Shader 'Universal Render Pipeline/Particles/Lit': fallback shader 'Universal Render Pipeline/Particles/SimpleLit' not found
Refreshing native plugins compatible for Editor in 0.49 ms, found 2 plugins.
Preloading 0 native plugins for Editor in 0.00 ms.
Unloading 2595 Unused Serialized files (Serialized files now loaded: 0)
System memory in use before: 359.2 MB.
System memory in use after: 359.4 MB.

Unloading 12 unused Assets to reduce memory usage. Loaded Objects now: 3199.
Total: 1.896125 ms (FindLiveObjects: 0.159791 ms CreateObjectMapping: 0.057584 ms MarkObjects: 1.584750 ms  DeleteObjects: 0.092833 ms)

========================================================================
Received Prepare
Registering precompiled user dll's ...
Registered in 0.001723 seconds.
Begin MonoManager ReloadAssembly
Native extension for WindowsStandalone target not found
Native extension for OSXStandalone target not found
Native extension for WebGL target not found
Refreshing native plugins compatible for Editor in 0.47 ms, found 2 plugins.
Preloading 0 native plugins for Editor in 0.00 ms.
Mono: successfully reloaded assembly
- Completed reload, in  1.683 seconds
Platform modules already initialized, skipping
Shader 'Universal Render Pipeline/Particles/Lit': fallback shader 'Universal Render Pipeline/Particles/SimpleLit' not found
Refreshing native plugins compatible for Editor in 0.48 ms, found 2 plugins.
Preloading 0 native plugins for Editor in 0.00 ms.
Unloading 2595 Unused Serialized files (Serialized files now loaded: 0)
System memory in use before: 359.5 MB.
System memory in use after: 359.7 MB.

Unloading 12 unused Assets to reduce memory usage. Loaded Objects now: 3203.
Total: 1.909375 ms (FindLiveObjects: 0.145750 ms CreateObjectMapping: 0.058666 ms MarkObjects: 1.608292 ms  DeleteObjects: 0.095333 ms)

========================================================================
Received Prepare
Registering precompiled user dll's ...
Registered in 0.001492 seconds.
Begin MonoManager ReloadAssembly
Native extension for WindowsStandalone target not found
Native extension for OSXStandalone target not found
Native extension for WebGL target not found
Refreshing native plugins compatible for Editor in 0.52 ms, found 2 plugins.
Preloading 0 native plugins for Editor in 0.00 ms.
Mono: successfully reloaded assembly
- Completed reload, in  1.744 seconds
Platform modules already initialized, skipping
Shader 'Universal Render Pipeline/Particles/Lit': fallback shader 'Universal Render Pipeline/Particles/SimpleLit' not found
Refreshing native plugins compatible for Editor in 0.48 ms, found 2 plugins.
Preloading 0 native plugins for Editor in 0.00 ms.
Unloading 2595 Unused Serialized files (Serialized files now loaded: 0)
System memory in use before: 359.8 MB.
System memory in use after: 360.0 MB.

Unloading 12 unused Assets to reduce memory usage. Loaded Objects now: 3207.
Total: 1.853792 ms (FindLiveObjects: 0.134000 ms CreateObjectMapping: 0.055625 ms MarkObjects: 1.570458 ms  DeleteObjects: 0.092458 ms)

========================================================================
Received Prepare
Registering precompiled user dll's ...
Registered in 0.000936 seconds.
Begin MonoManager ReloadAssembly
Native extension for WindowsStandalone target not found
Native extension for OSXStandalone target not found
Native extension for WebGL target not found
Refreshing native plugins compatible for Editor in 0.45 ms, found 2 plugins.
Preloading 0 native plugins for Editor in 0.00 ms.
Mono: successfully reloaded assembly
- Completed reload, in  1.695 seconds
Platform modules already initialized, skipping
Shader 'Universal Render Pipeline/Particles/Lit': fallback shader 'Universal Render Pipeline/Particles/SimpleLit' not found
Refreshing native plugins compatible for Editor in 0.48 ms, found 2 plugins.
Preloading 0 native plugins for Editor in 0.00 ms.
Unloading 2595 Unused Serialized files (Serialized files now loaded: 0)
System memory in use before: 360.1 MB.
System memory in use after: 360.3 MB.

Unloading 12 unused Assets to reduce memory usage. Loaded Objects now: 3211.
Total: 1.918084 ms (FindLiveObjects: 0.136791 ms CreateObjectMapping: 0.057708 ms MarkObjects: 1.626083 ms  DeleteObjects: 0.096042 ms)

========================================================================
Received Prepare
Registering precompiled user dll's ...
Registered in 0.001497 seconds.
Begin MonoManager ReloadAssembly
Native extension for WindowsStandalone target not found
Native extension for OSXStandalone target not found
Native extension for WebGL target not found
Refreshing native plugins compatible for Editor in 0.47 ms, found 2 plugins.
Preloading 0 native plugins for Editor in 0.00 ms.
Mono: successfully reloaded assembly
- Completed reload, in  1.673 seconds
Platform modules already initialized, skipping
Shader 'Universal Render Pipeline/Particles/Lit': fallback shader 'Universal Render Pipeline/Particles/SimpleLit' not found
Refreshing native plugins compatible for Editor in 0.48 ms, found 2 plugins.
Preloading 0 native plugins for Editor in 0.00 ms.
Unloading 2595 Unused Serialized files (Serialized files now loaded: 0)
System memory in use before: 360.4 MB.
System memory in use after: 360.6 MB.

Unloading 12 unused Assets to reduce memory usage. Loaded Objects now: 3215.
Total: 1.964417 ms (FindLiveObjects: 0.129708 ms CreateObjectMapping: 0.056791 ms MarkObjects: 1.684000 ms  DeleteObjects: 0.092750 ms)

========================================================================
Received Prepare
Registering precompiled user dll's ...
Registered in 0.001545 seconds.
Begin MonoManager ReloadAssembly
Native extension for WindowsStandalone target not found
Native extension for OSXStandalone target not found
Native extension for WebGL target not found
Refreshing native plugins compatible for Editor in 0.49 ms, found 2 plugins.
Preloading 0 native plugins for Editor in 0.00 ms.
Mono: successfully reloaded assembly
- Completed reload, in  1.667 seconds
Platform modules already initialized, skipping
Shader 'Universal Render Pipeline/Particles/Lit': fallback shader 'Universal Render Pipeline/Particles/SimpleLit' not found
Refreshing native plugins compatible for Editor in 0.49 ms, found 2 plugins.
Preloading 0 native plugins for Editor in 0.00 ms.
Unloading 2595 Unused Serialized files (Serialized files now loaded: 0)
System memory in use before: 360.7 MB.
System memory in use after: 360.9 MB.

Unloading 12 unused Assets to reduce memory usage. Loaded Objects now: 3219.
Total: 1.881833 ms (FindLiveObjects: 0.132709 ms CreateObjectMapping: 0.058584 ms MarkObjects: 1.601541 ms  DeleteObjects: 0.087792 ms)

========================================================================
Received Prepare
Registering precompiled user dll's ...
Registered in 0.002293 seconds.
Begin MonoManager ReloadAssembly
Native extension for WindowsStandalone target not found
Native extension for OSXStandalone target not found
Native extension for WebGL target not found
Refreshing native plugins compatible for Editor in 0.50 ms, found 2 plugins.
Preloading 0 native plugins for Editor in 0.00 ms.
Mono: successfully reloaded assembly
- Completed reload, in  1.771 seconds
Platform modules already initialized, skipping
Shader 'Universal Render Pipeline/Particles/Lit': fallback shader 'Universal Render Pipeline/Particles/SimpleLit' not found
Refreshing native plugins compatible for Editor in 0.47 ms, found 2 plugins.
Preloading 0 native plugins for Editor in 0.00 ms.
Unloading 2595 Unused Serialized files (Serialized files now loaded: 0)
System memory in use before: 361.0 MB.
System memory in use after: 361.2 MB.

Unloading 12 unused Assets to reduce memory usage. Loaded Objects now: 3223.
Total: 1.911542 ms (FindLiveObjects: 0.159500 ms CreateObjectMapping: 0.058000 ms MarkObjects: 1.597209 ms  DeleteObjects: 0.095458 ms)

========================================================================
Received Prepare
Registering precompiled user dll's ...
Registered in 0.002186 seconds.
Begin MonoManager ReloadAssembly
Native extension for WindowsStandalone target not found
Native extension for OSXStandalone target not found
Native extension for WebGL target not found
Refreshing native plugins compatible for Editor in 0.49 ms, found 2 plugins.
Preloading 0 native plugins for Editor in 0.00 ms.
Mono: successfully reloaded assembly
- Completed reload, in  1.697 seconds
Platform modules already initialized, skipping
Shader 'Universal Render Pipeline/Particles/Lit': fallback shader 'Universal Render Pipeline/Particles/SimpleLit' not found
Refreshing native plugins compatible for Editor in 0.49 ms, found 2 plugins.
Preloading 0 native plugins for Editor in 0.00 ms.
Unloading 2595 Unused Serialized files (Serialized files now loaded: 0)
System memory in use before: 361.3 MB.
System memory in use after: 361.5 MB.

Unloading 12 unused Assets to reduce memory usage. Loaded Objects now: 3227.
Total: 1.893709 ms (FindLiveObjects: 0.132458 ms CreateObjectMapping: 0.057833 ms MarkObjects: 1.624042 ms  DeleteObjects: 0.078375 ms)

========================================================================
Received Prepare
Registering precompiled user dll's ...
Registered in 0.001742 seconds.
Begin MonoManager ReloadAssembly
Native extension for WindowsStandalone target not found
Native extension for OSXStandalone target not found
Native extension for WebGL target not found
Refreshing native plugins compatible for Editor in 0.48 ms, found 2 plugins.
Preloading 0 native plugins for Editor in 0.00 ms.
Mono: successfully reloaded assembly
- Completed reload, in  1.673 seconds
Platform modules already initialized, skipping
Shader 'Universal Render Pipeline/Particles/Lit': fallback shader 'Universal Render Pipeline/Particles/SimpleLit' not found
Refreshing native plugins compatible for Editor in 0.48 ms, found 2 plugins.
Preloading 0 native plugins for Editor in 0.00 ms.
Unloading 2595 Unused Serialized files (Serialized files now loaded: 0)
System memory in use before: 361.6 MB.
System memory in use after: 361.8 MB.

Unloading 12 unused Assets to reduce memory usage. Loaded Objects now: 3231.
Total: 1.846083 ms (FindLiveObjects: 0.143916 ms CreateObjectMapping: 0.056833 ms MarkObjects: 1.555167 ms  DeleteObjects: 0.089000 ms)

========================================================================
Received Import Request.
  Time since last request: 3099.622710 seconds.
  path: Assets/Animation/LaserMoveAnimation.anim
  artifactKey: Guid(075692cc5b80e44709a16af86f2f9364) Importer(815301076,1909f56bfc062723c751e8b465ee728b)
Start importing Assets/Animation/LaserMoveAnimation.anim using Guid(075692cc5b80e44709a16af86f2f9364) Importer(815301076,1909f56bfc062723c751e8b465ee728b)  -> (artifact id: 'cf04d2ca1523420cdadc426d24065249') in 0.020874 seconds 
========================================================================
Received Import Request.
  Time since last request: 41.713137 seconds.
  path: Assets/Animation/LaserSwitchAnimation.anim
  artifactKey: Guid(c03cb93710ffa4246948a3d8f7ee22cc) Importer(815301076,1909f56bfc062723c751e8b465ee728b)
Start importing Assets/Animation/LaserSwitchAnimation.anim using Guid(c03cb93710ffa4246948a3d8f7ee22cc) Importer(815301076,1909f56bfc062723c751e8b465ee728b)  -> (artifact id: '454a0e0ce061709bf4c13f35efcded23') in 0.004149 seconds 
========================================================================
Received Prepare
Registering precompiled user dll's ...
Registered in 0.001539 seconds.
Begin MonoManager ReloadAssembly
Native extension for WindowsStandalone target not found
Native extension for OSXStandalone target not found
Native extension for WebGL target not found
Refreshing native plugins compatible for Editor in 0.48 ms, found 2 plugins.
Preloading 0 native plugins for Editor in 0.00 ms.
Mono: successfully reloaded assembly
- Completed reload, in  1.793 seconds
Platform modules already initialized, skipping
Shader 'Universal Render Pipeline/Particles/Lit': fallback shader 'Universal Render Pipeline/Particles/SimpleLit' not found
Refreshing native plugins compatible for Editor in 0.48 ms, found 2 plugins.
Preloading 0 native plugins for Editor in 0.00 ms.
Unloading 2595 Unused Serialized files (Serialized files now loaded: 0)
System memory in use before: 362.0 MB.
System memory in use after: 362.1 MB.

Unloading 12 unused Assets to reduce memory usage. Loaded Objects now: 3235.
Total: 1.887583 ms (FindLiveObjects: 0.149333 ms CreateObjectMapping: 0.057583 ms MarkObjects: 1.580042 ms  DeleteObjects: 0.099500 ms)

========================================================================
Received Prepare
Registering precompiled user dll's ...
Registered in 0.002231 seconds.
Begin MonoManager ReloadAssembly
Native extension for WindowsStandalone target not found
Native extension for OSXStandalone target not found
Native extension for WebGL target not found
Refreshing native plugins compatible for Editor in 0.47 ms, found 2 plugins.
Preloading 0 native plugins for Editor in 0.00 ms.
Mono: successfully reloaded assembly
- Completed reload, in  1.725 seconds
Platform modules already initialized, skipping
Shader 'Universal Render Pipeline/Particles/Lit': fallback shader 'Universal Render Pipeline/Particles/SimpleLit' not found
Refreshing native plugins compatible for Editor in 0.46 ms, found 2 plugins.
Preloading 0 native plugins for Editor in 0.00 ms.
Unloading 2595 Unused Serialized files (Serialized files now loaded: 0)
System memory in use before: 362.3 MB.
System memory in use after: 362.4 MB.

Unloading 12 unused Assets to reduce memory usage. Loaded Objects now: 3239.
Total: 1.784583 ms (FindLiveObjects: 0.122667 ms CreateObjectMapping: 0.053375 ms MarkObjects: 1.526333 ms  DeleteObjects: 0.081042 ms)

